{
"contracts\\Shop.sol":{"l":{"33":3,"34":3,"35":3,"36":3,"37":3,"38":3,"39":3,"40":3,"41":3,"42":3,"43":3,"44":3,"50":17,"56":3,"57":2,"58":2,"59":2,"60":2,"66":11,"72":3,"73":2,"74":2,"75":2,"80":12,"83":11,"86":10,"89":9,"92":8,"95":8,"100":15,"102":14,"103":14,"105":14,"106":41,"108":40,"110":39,"111":38,"112":38,"116":11,"119":10,"122":10,"127":8,"130":7,"133":6,"136":5,"139":4,"142":3,"145":3,"146":3,"149":3,"154":9,"156":8,"157":8,"159":8,"160":19,"162":18,"164":17,"165":16,"166":16,"170":5,"172":4,"175":3,"178":3,"179":3,"182":3,"187":4,"188":3,"189":2,"190":2,"195":4,"196":4,"197":9,"198":8,"200":2,"201":2,"206":4,"207":3,"208":2,"209":2,"214":4,"215":4,"216":9,"217":8,"219":2,"220":2,"225":2,"230":1,"231":1,"232":1,"238":112},"path":"Q:\\+\\Crypto\\React 2\\09 - ERC1155 Shop\\ERC1155 Shop\\contracts\\Shop.sol","s":{"1":3,"2":3,"3":3,"4":3,"5":3,"6":3,"7":3,"8":3,"9":3,"10":3,"11":3,"12":17,"13":3,"14":2,"15":2,"16":2,"17":11,"18":3,"19":2,"20":2,"21":12,"22":11,"23":10,"24":9,"25":8,"26":8,"27":15,"28":14,"29":14,"30":14,"31":41,"32":40,"33":39,"34":11,"35":10,"36":10,"37":8,"38":7,"39":6,"40":5,"41":4,"42":3,"43":3,"44":3,"45":3,"46":9,"47":8,"48":8,"49":8,"50":19,"51":18,"52":17,"53":5,"54":4,"55":3,"56":3,"57":3,"58":3,"59":4,"60":3,"61":2,"62":2,"63":4,"64":4,"65":9,"66":8,"67":2,"68":2,"69":4,"70":3,"71":2,"72":2,"73":4,"74":4,"75":9,"76":8,"77":2,"78":2,"79":2,"80":1,"81":1,"82":1,"83":112},"b":{"1":[3,1],"2":[2,0],"3":[3,1],"4":[10,1],"5":[9,1],"6":[8,1],"7":[14,1],"8":[39,1],"9":[38,1],"10":[10,1],"11":[6,1],"12":[5,1],"13":[4,1],"14":[3,1],"15":[3,0],"16":[8,1],"17":[17,1],"18":[16,1],"19":[4,1],"20":[3,1],"21":[3,0],"22":[4,2],"23":[2,1],"24":[4,2],"25":[4,0],"26":[7,1],"27":[4,2],"28":[2,1],"29":[4,2],"30":[4,0],"31":[7,1],"32":[2,1],"33":[1,2],"34":[1,0],"35":[102,10]},"f":{"1":3,"2":17,"3":3,"4":11,"5":3,"6":12,"7":15,"8":8,"9":9,"10":4,"11":4,"12":4,"13":4,"14":2,"15":1,"16":112},"fnMap":{"1":{"name":"constructor","line":32,"loc":{"start":{"line":32,"column":4},"end":{"line":45,"column":4}}},"2":{"name":"getPricesBuy","line":49,"loc":{"start":{"line":49,"column":4},"end":{"line":51,"column":4}}},"3":{"name":"setPriceBuy","line":55,"loc":{"start":{"line":55,"column":4},"end":{"line":61,"column":4}}},"4":{"name":"getPricesSell","line":65,"loc":{"start":{"line":65,"column":4},"end":{"line":67,"column":4}}},"5":{"name":"setPriceSell","line":71,"loc":{"start":{"line":71,"column":4},"end":{"line":76,"column":4}}},"6":{"name":"buy","line":79,"loc":{"start":{"line":79,"column":4},"end":{"line":96,"column":4}}},"7":{"name":"buyBatch","line":99,"loc":{"start":{"line":99,"column":4},"end":{"line":123,"column":4}}},"8":{"name":"sell","line":126,"loc":{"start":{"line":126,"column":4},"end":{"line":150,"column":4}}},"9":{"name":"sellBatch","line":153,"loc":{"start":{"line":153,"column":4},"end":{"line":183,"column":4}}},"10":{"name":"mintToShop","line":186,"loc":{"start":{"line":186,"column":4},"end":{"line":191,"column":4}}},"11":{"name":"mintBatchToShop","line":194,"loc":{"start":{"line":194,"column":4},"end":{"line":202,"column":4}}},"12":{"name":"burnFromShop","line":205,"loc":{"start":{"line":205,"column":4},"end":{"line":210,"column":4}}},"13":{"name":"burnBatchFromShop","line":213,"loc":{"start":{"line":213,"column":4},"end":{"line":221,"column":4}}},"14":{"name":"getShopBalance","line":224,"loc":{"start":{"line":224,"column":4},"end":{"line":226,"column":4}}},"15":{"name":"withdrawAll","line":229,"loc":{"start":{"line":229,"column":4},"end":{"line":233,"column":4}}},"16":{"name":"_requireIdInRange","line":237,"loc":{"start":{"line":237,"column":4},"end":{"line":239,"column":4}}}},"statementMap":{"1":{"start":{"line":34,"column":8},"end":{"line":34,"column":65}},"2":{"start":{"line":35,"column":8},"end":{"line":35,"column":63}},"3":{"start":{"line":36,"column":8},"end":{"line":36,"column":65}},"4":{"start":{"line":37,"column":8},"end":{"line":37,"column":64}},"5":{"start":{"line":38,"column":8},"end":{"line":38,"column":69}},"6":{"start":{"line":39,"column":8},"end":{"line":39,"column":109}},"7":{"start":{"line":40,"column":8},"end":{"line":40,"column":49}},"8":{"start":{"line":41,"column":8},"end":{"line":41,"column":47}},"9":{"start":{"line":42,"column":8},"end":{"line":42,"column":48}},"10":{"start":{"line":43,"column":8},"end":{"line":43,"column":49}},"11":{"start":{"line":44,"column":8},"end":{"line":44,"column":53}},"12":{"start":{"line":50,"column":8},"end":{"line":50,"column":25}},"13":{"start":{"line":56,"column":8},"end":{"line":56,"column":33}},"14":{"start":{"line":57,"column":8},"end":{"line":57,"column":72}},"15":{"start":{"line":58,"column":8},"end":{"line":58,"column":43}},"16":{"start":{"line":60,"column":8},"end":{"line":60,"column":68}},"17":{"start":{"line":66,"column":8},"end":{"line":66,"column":26}},"18":{"start":{"line":72,"column":8},"end":{"line":72,"column":33}},"19":{"start":{"line":73,"column":8},"end":{"line":73,"column":44}},"20":{"start":{"line":75,"column":8},"end":{"line":75,"column":69}},"21":{"start":{"line":80,"column":8},"end":{"line":80,"column":33}},"22":{"start":{"line":83,"column":8},"end":{"line":83,"column":63}},"23":{"start":{"line":86,"column":8},"end":{"line":86,"column":83}},"24":{"start":{"line":89,"column":8},"end":{"line":89,"column":106}},"25":{"start":{"line":92,"column":8},"end":{"line":92,"column":77}},"26":{"start":{"line":95,"column":8},"end":{"line":95,"column":83}},"27":{"start":{"line":100,"column":8},"end":{"line":100,"column":85}},"28":{"start":{"line":102,"column":8},"end":{"line":102,"column":17}},"29":{"start":{"line":103,"column":8},"end":{"line":103,"column":53}},"30":{"start":{"line":105,"column":8},"end":{"line":105,"column":4471}},"31":{"start":{"line":106,"column":12},"end":{"line":106,"column":36}},"32":{"start":{"line":108,"column":12},"end":{"line":108,"column":71}},"33":{"start":{"line":110,"column":12},"end":{"line":110,"column":113}},"34":{"start":{"line":116,"column":8},"end":{"line":116,"column":59}},"35":{"start":{"line":119,"column":8},"end":{"line":119,"column":79}},"36":{"start":{"line":122,"column":8},"end":{"line":122,"column":72}},"37":{"start":{"line":127,"column":8},"end":{"line":127,"column":33}},"38":{"start":{"line":130,"column":8},"end":{"line":130,"column":63}},"39":{"start":{"line":133,"column":8},"end":{"line":133,"column":105}},"40":{"start":{"line":136,"column":8},"end":{"line":136,"column":106}},"41":{"start":{"line":139,"column":8},"end":{"line":139,"column":105}},"42":{"start":{"line":142,"column":8},"end":{"line":142,"column":77}},"43":{"start":{"line":145,"column":8},"end":{"line":145,"column":84}},"44":{"start":{"line":146,"column":8},"end":{"line":146,"column":64}},"45":{"start":{"line":149,"column":8},"end":{"line":149,"column":85}},"46":{"start":{"line":154,"column":8},"end":{"line":154,"column":85}},"47":{"start":{"line":156,"column":8},"end":{"line":156,"column":17}},"48":{"start":{"line":157,"column":8},"end":{"line":157,"column":53}},"49":{"start":{"line":159,"column":8},"end":{"line":159,"column":6770}},"50":{"start":{"line":160,"column":12},"end":{"line":160,"column":36}},"51":{"start":{"line":162,"column":12},"end":{"line":162,"column":71}},"52":{"start":{"line":164,"column":12},"end":{"line":164,"column":112}},"53":{"start":{"line":170,"column":8},"end":{"line":170,"column":106}},"54":{"start":{"line":172,"column":8},"end":{"line":172,"column":80}},"55":{"start":{"line":175,"column":8},"end":{"line":175,"column":79}},"56":{"start":{"line":178,"column":8},"end":{"line":178,"column":59}},"57":{"start":{"line":179,"column":8},"end":{"line":179,"column":64}},"58":{"start":{"line":182,"column":8},"end":{"line":182,"column":73}},"59":{"start":{"line":187,"column":8},"end":{"line":187,"column":33}},"60":{"start":{"line":188,"column":8},"end":{"line":188,"column":83}},"61":{"start":{"line":189,"column":8},"end":{"line":189,"column":53}},"62":{"start":{"line":190,"column":8},"end":{"line":190,"column":51}},"63":{"start":{"line":195,"column":8},"end":{"line":195,"column":85}},"64":{"start":{"line":196,"column":8},"end":{"line":196,"column":8574}},"65":{"start":{"line":197,"column":12},"end":{"line":197,"column":36}},"66":{"start":{"line":198,"column":12},"end":{"line":198,"column":91}},"67":{"start":{"line":200,"column":8},"end":{"line":200,"column":55}},"68":{"start":{"line":201,"column":8},"end":{"line":201,"column":53}},"69":{"start":{"line":206,"column":8},"end":{"line":206,"column":33}},"70":{"start":{"line":207,"column":8},"end":{"line":207,"column":83}},"71":{"start":{"line":208,"column":8},"end":{"line":208,"column":49}},"72":{"start":{"line":209,"column":8},"end":{"line":209,"column":51}},"73":{"start":{"line":214,"column":8},"end":{"line":214,"column":85}},"74":{"start":{"line":215,"column":8},"end":{"line":215,"column":9490}},"75":{"start":{"line":216,"column":12},"end":{"line":216,"column":36}},"76":{"start":{"line":217,"column":12},"end":{"line":217,"column":91}},"77":{"start":{"line":219,"column":8},"end":{"line":219,"column":51}},"78":{"start":{"line":220,"column":8},"end":{"line":220,"column":53}},"79":{"start":{"line":225,"column":8},"end":{"line":225,"column":36}},"80":{"start":{"line":230,"column":8},"end":{"line":230,"column":31}},"81":{"start":{"line":231,"column":8},"end":{"line":231,"column":71}},"82":{"start":{"line":232,"column":8},"end":{"line":232,"column":54}},"83":{"start":{"line":238,"column":8},"end":{"line":238,"column":115}}},"branchMap":{"1":{"line":55,"type":"if","locations":[{"start":{"line":55,"column":64},"end":{"line":55,"column":64}},{"start":{"line":55,"column":64},"end":{"line":55,"column":64}}]},"2":{"line":57,"type":"if","locations":[{"start":{"line":57,"column":8},"end":{"line":57,"column":8}},{"start":{"line":57,"column":8},"end":{"line":57,"column":8}}]},"3":{"line":71,"type":"if","locations":[{"start":{"line":71,"column":65},"end":{"line":71,"column":65}},{"start":{"line":71,"column":65},"end":{"line":71,"column":65}}]},"4":{"line":83,"type":"if","locations":[{"start":{"line":83,"column":8},"end":{"line":83,"column":8}},{"start":{"line":83,"column":8},"end":{"line":83,"column":8}}]},"5":{"line":86,"type":"if","locations":[{"start":{"line":86,"column":8},"end":{"line":86,"column":8}},{"start":{"line":86,"column":8},"end":{"line":86,"column":8}}]},"6":{"line":89,"type":"if","locations":[{"start":{"line":89,"column":8},"end":{"line":89,"column":8}},{"start":{"line":89,"column":8},"end":{"line":89,"column":8}}]},"7":{"line":100,"type":"if","locations":[{"start":{"line":100,"column":8},"end":{"line":100,"column":8}},{"start":{"line":100,"column":8},"end":{"line":100,"column":8}}]},"8":{"line":108,"type":"if","locations":[{"start":{"line":108,"column":12},"end":{"line":108,"column":12}},{"start":{"line":108,"column":12},"end":{"line":108,"column":12}}]},"9":{"line":110,"type":"if","locations":[{"start":{"line":110,"column":12},"end":{"line":110,"column":12}},{"start":{"line":110,"column":12},"end":{"line":110,"column":12}}]},"10":{"line":116,"type":"if","locations":[{"start":{"line":116,"column":8},"end":{"line":116,"column":8}},{"start":{"line":116,"column":8},"end":{"line":116,"column":8}}]},"11":{"line":130,"type":"if","locations":[{"start":{"line":130,"column":8},"end":{"line":130,"column":8}},{"start":{"line":130,"column":8},"end":{"line":130,"column":8}}]},"12":{"line":133,"type":"if","locations":[{"start":{"line":133,"column":8},"end":{"line":133,"column":8}},{"start":{"line":133,"column":8},"end":{"line":133,"column":8}}]},"13":{"line":136,"type":"if","locations":[{"start":{"line":136,"column":8},"end":{"line":136,"column":8}},{"start":{"line":136,"column":8},"end":{"line":136,"column":8}}]},"14":{"line":139,"type":"if","locations":[{"start":{"line":139,"column":8},"end":{"line":139,"column":8}},{"start":{"line":139,"column":8},"end":{"line":139,"column":8}}]},"15":{"line":146,"type":"if","locations":[{"start":{"line":146,"column":8},"end":{"line":146,"column":8}},{"start":{"line":146,"column":8},"end":{"line":146,"column":8}}]},"16":{"line":154,"type":"if","locations":[{"start":{"line":154,"column":8},"end":{"line":154,"column":8}},{"start":{"line":154,"column":8},"end":{"line":154,"column":8}}]},"17":{"line":162,"type":"if","locations":[{"start":{"line":162,"column":12},"end":{"line":162,"column":12}},{"start":{"line":162,"column":12},"end":{"line":162,"column":12}}]},"18":{"line":164,"type":"if","locations":[{"start":{"line":164,"column":12},"end":{"line":164,"column":12}},{"start":{"line":164,"column":12},"end":{"line":164,"column":12}}]},"19":{"line":170,"type":"if","locations":[{"start":{"line":170,"column":8},"end":{"line":170,"column":8}},{"start":{"line":170,"column":8},"end":{"line":170,"column":8}}]},"20":{"line":172,"type":"if","locations":[{"start":{"line":172,"column":8},"end":{"line":172,"column":8}},{"start":{"line":172,"column":8},"end":{"line":172,"column":8}}]},"21":{"line":179,"type":"if","locations":[{"start":{"line":179,"column":8},"end":{"line":179,"column":8}},{"start":{"line":179,"column":8},"end":{"line":179,"column":8}}]},"22":{"line":186,"type":"if","locations":[{"start":{"line":186,"column":60},"end":{"line":186,"column":60}},{"start":{"line":186,"column":60},"end":{"line":186,"column":60}}]},"23":{"line":188,"type":"if","locations":[{"start":{"line":188,"column":8},"end":{"line":188,"column":8}},{"start":{"line":188,"column":8},"end":{"line":188,"column":8}}]},"24":{"line":194,"type":"if","locations":[{"start":{"line":194,"column":84},"end":{"line":194,"column":84}},{"start":{"line":194,"column":84},"end":{"line":194,"column":84}}]},"25":{"line":195,"type":"if","locations":[{"start":{"line":195,"column":8},"end":{"line":195,"column":8}},{"start":{"line":195,"column":8},"end":{"line":195,"column":8}}]},"26":{"line":198,"type":"if","locations":[{"start":{"line":198,"column":12},"end":{"line":198,"column":12}},{"start":{"line":198,"column":12},"end":{"line":198,"column":12}}]},"27":{"line":205,"type":"if","locations":[{"start":{"line":205,"column":62},"end":{"line":205,"column":62}},{"start":{"line":205,"column":62},"end":{"line":205,"column":62}}]},"28":{"line":207,"type":"if","locations":[{"start":{"line":207,"column":8},"end":{"line":207,"column":8}},{"start":{"line":207,"column":8},"end":{"line":207,"column":8}}]},"29":{"line":213,"type":"if","locations":[{"start":{"line":213,"column":86},"end":{"line":213,"column":86}},{"start":{"line":213,"column":86},"end":{"line":213,"column":86}}]},"30":{"line":214,"type":"if","locations":[{"start":{"line":214,"column":8},"end":{"line":214,"column":8}},{"start":{"line":214,"column":8},"end":{"line":214,"column":8}}]},"31":{"line":217,"type":"if","locations":[{"start":{"line":217,"column":12},"end":{"line":217,"column":12}},{"start":{"line":217,"column":12},"end":{"line":217,"column":12}}]},"32":{"line":224,"type":"if","locations":[{"start":{"line":224,"column":42},"end":{"line":224,"column":42}},{"start":{"line":224,"column":42},"end":{"line":224,"column":42}}]},"33":{"line":229,"type":"if","locations":[{"start":{"line":229,"column":34},"end":{"line":229,"column":34}},{"start":{"line":229,"column":34},"end":{"line":229,"column":34}}]},"34":{"line":232,"type":"if","locations":[{"start":{"line":232,"column":8},"end":{"line":232,"column":8}},{"start":{"line":232,"column":8},"end":{"line":232,"column":8}}]},"35":{"line":238,"type":"if","locations":[{"start":{"line":238,"column":8},"end":{"line":238,"column":8}},{"start":{"line":238,"column":8},"end":{"line":238,"column":8}}]}}},
"contracts\\Token.sol":{"l":{"20":17,"29":2,"40":47,"45":20,"50":15,"55":3},"path":"Q:\\+\\Crypto\\React 2\\09 - ERC1155 Shop\\ERC1155 Shop\\contracts\\Token.sol","s":{"1":17,"2":2,"3":47,"4":20,"5":15,"6":3},"b":{"1":[17,0],"2":[2,0],"3":[15,0],"4":[3,0]},"f":{"1":3,"2":17,"3":2,"4":47,"5":20,"6":15,"7":3},"fnMap":{"1":{"name":"constructor","line":12,"loc":{"start":{"line":12,"column":4},"end":{"line":12,"column":49}}},"2":{"name":"mint","line":19,"loc":{"start":{"line":14,"column":4},"end":{"line":21,"column":4}}},"3":{"name":"mintBatch","line":28,"loc":{"start":{"line":23,"column":4},"end":{"line":30,"column":4}}},"4":{"name":"_beforeTokenTransfer","line":32,"loc":{"start":{"line":32,"column":4},"end":{"line":41,"column":4}}},"5":{"name":"uri","line":44,"loc":{"start":{"line":44,"column":4},"end":{"line":46,"column":4}}},"6":{"name":"setURI","line":49,"loc":{"start":{"line":49,"column":4},"end":{"line":51,"column":4}}},"7":{"name":"setBaseURI","line":54,"loc":{"start":{"line":54,"column":4},"end":{"line":56,"column":4}}}},"statementMap":{"1":{"start":{"line":20,"column":8},"end":{"line":20,"column":34}},"2":{"start":{"line":29,"column":8},"end":{"line":29,"column":41}},"3":{"start":{"line":40,"column":8},"end":{"line":40,"column":73}},"4":{"start":{"line":45,"column":8},"end":{"line":45,"column":33}},"5":{"start":{"line":50,"column":8},"end":{"line":50,"column":33}},"6":{"start":{"line":55,"column":8},"end":{"line":55,"column":28}}},"branchMap":{"1":{"line":19,"type":"if","locations":[{"start":{"line":19,"column":13},"end":{"line":19,"column":13}},{"start":{"line":19,"column":13},"end":{"line":19,"column":13}}]},"2":{"line":28,"type":"if","locations":[{"start":{"line":28,"column":13},"end":{"line":28,"column":13}},{"start":{"line":28,"column":13},"end":{"line":28,"column":13}}]},"3":{"line":49,"type":"if","locations":[{"start":{"line":49,"column":65},"end":{"line":49,"column":65}},{"start":{"line":49,"column":65},"end":{"line":49,"column":65}}]},"4":{"line":54,"type":"if","locations":[{"start":{"line":54,"column":55},"end":{"line":54,"column":55}},{"start":{"line":54,"column":55},"end":{"line":54,"column":55}}]}}}}
