TN:
SF:Q:\+\Crypto\React 2\09 - ERC1155 Shop\ERC1155 Shop\contracts\Shop.sol
FN:32,constructor
FN:49,getPricesBuy
FN:55,setPriceBuy
FN:65,getPricesSell
FN:71,setPriceSell
FN:79,buy
FN:99,buyBatch
FN:126,sell
FN:153,sellBatch
FN:186,mintToShop
FN:194,mintBatchToShop
FN:205,burnFromShop
FN:213,burnBatchFromShop
FN:224,getShopBalance
FN:229,withdrawAll
FN:237,_requireIdInRange
FNF:16
FNH:16
FNDA:3,constructor
FNDA:17,getPricesBuy
FNDA:3,setPriceBuy
FNDA:11,getPricesSell
FNDA:3,setPriceSell
FNDA:12,buy
FNDA:15,buyBatch
FNDA:8,sell
FNDA:9,sellBatch
FNDA:4,mintToShop
FNDA:4,mintBatchToShop
FNDA:4,burnFromShop
FNDA:4,burnBatchFromShop
FNDA:2,getShopBalance
FNDA:1,withdrawAll
FNDA:112,_requireIdInRange
DA:33,3
DA:34,3
DA:35,3
DA:36,3
DA:37,3
DA:38,3
DA:39,3
DA:40,3
DA:41,3
DA:42,3
DA:43,3
DA:44,3
DA:50,17
DA:56,3
DA:57,2
DA:58,2
DA:59,2
DA:60,2
DA:66,11
DA:72,3
DA:73,2
DA:74,2
DA:75,2
DA:80,12
DA:83,11
DA:86,10
DA:89,9
DA:92,8
DA:95,8
DA:100,15
DA:102,14
DA:103,14
DA:105,14
DA:106,41
DA:108,40
DA:110,39
DA:111,38
DA:112,38
DA:116,11
DA:119,10
DA:122,10
DA:127,8
DA:130,7
DA:133,6
DA:136,5
DA:139,4
DA:142,3
DA:145,3
DA:146,3
DA:149,3
DA:154,9
DA:156,8
DA:157,8
DA:159,8
DA:160,19
DA:162,18
DA:164,17
DA:165,16
DA:166,16
DA:170,5
DA:172,4
DA:175,3
DA:178,3
DA:179,3
DA:182,3
DA:187,4
DA:188,3
DA:189,2
DA:190,2
DA:195,4
DA:196,4
DA:197,9
DA:198,8
DA:200,2
DA:201,2
DA:206,4
DA:207,3
DA:208,2
DA:209,2
DA:214,4
DA:215,4
DA:216,9
DA:217,8
DA:219,2
DA:220,2
DA:225,2
DA:230,1
DA:231,1
DA:232,1
DA:238,112
LF:90
LH:90
BRDA:55,1,0,3
BRDA:55,1,1,1
BRDA:57,2,0,2
BRDA:57,2,1,0
BRDA:71,3,0,3
BRDA:71,3,1,1
BRDA:83,4,0,10
BRDA:83,4,1,1
BRDA:86,5,0,9
BRDA:86,5,1,1
BRDA:89,6,0,8
BRDA:89,6,1,1
BRDA:100,7,0,14
BRDA:100,7,1,1
BRDA:108,8,0,39
BRDA:108,8,1,1
BRDA:110,9,0,38
BRDA:110,9,1,1
BRDA:116,10,0,10
BRDA:116,10,1,1
BRDA:130,11,0,6
BRDA:130,11,1,1
BRDA:133,12,0,5
BRDA:133,12,1,1
BRDA:136,13,0,4
BRDA:136,13,1,1
BRDA:139,14,0,3
BRDA:139,14,1,1
BRDA:146,15,0,3
BRDA:146,15,1,0
BRDA:154,16,0,8
BRDA:154,16,1,1
BRDA:162,17,0,17
BRDA:162,17,1,1
BRDA:164,18,0,16
BRDA:164,18,1,1
BRDA:170,19,0,4
BRDA:170,19,1,1
BRDA:172,20,0,3
BRDA:172,20,1,1
BRDA:179,21,0,3
BRDA:179,21,1,0
BRDA:186,22,0,4
BRDA:186,22,1,2
BRDA:188,23,0,2
BRDA:188,23,1,1
BRDA:194,24,0,4
BRDA:194,24,1,2
BRDA:195,25,0,4
BRDA:195,25,1,0
BRDA:198,26,0,7
BRDA:198,26,1,1
BRDA:205,27,0,4
BRDA:205,27,1,2
BRDA:207,28,0,2
BRDA:207,28,1,1
BRDA:213,29,0,4
BRDA:213,29,1,2
BRDA:214,30,0,4
BRDA:214,30,1,0
BRDA:217,31,0,7
BRDA:217,31,1,1
BRDA:224,32,0,2
BRDA:224,32,1,1
BRDA:229,33,0,1
BRDA:229,33,1,2
BRDA:232,34,0,1
BRDA:232,34,1,0
BRDA:238,35,0,102
BRDA:238,35,1,10
BRF:70
BRH:64
end_of_record
TN:
SF:Q:\+\Crypto\React 2\09 - ERC1155 Shop\ERC1155 Shop\contracts\Token.sol
FN:12,constructor
FN:19,mint
FN:28,mintBatch
FN:32,_beforeTokenTransfer
FN:44,uri
FN:49,setURI
FN:54,setBaseURI
FNF:7
FNH:7
FNDA:3,constructor
FNDA:17,mint
FNDA:2,mintBatch
FNDA:47,_beforeTokenTransfer
FNDA:20,uri
FNDA:15,setURI
FNDA:3,setBaseURI
DA:20,17
DA:29,2
DA:40,47
DA:45,20
DA:50,15
DA:55,3
LF:6
LH:6
BRDA:19,1,0,17
BRDA:19,1,1,0
BRDA:28,2,0,2
BRDA:28,2,1,0
BRDA:49,3,0,15
BRDA:49,3,1,0
BRDA:54,4,0,3
BRDA:54,4,1,0
BRF:8
BRH:4
end_of_record
